<?xml version="1.0" encoding="UTF-8"?>
<!-- Generated by org.testng.reporters.JUnitReportReporter -->
<testsuite skipped="0" hostname="DESKTOP-ADBAJG0" name="Login" tests="1" failures="0" timestamp="29 июл 2017 13:17:31 GMT" time="5.649" errors="0">
  <testcase name="login" time="5.649" classname="Login"/>
</testsuite> <!-- Login -->
