<?xml version="1.0" encoding="UTF-8"?>
<!-- Generated by org.testng.reporters.JUnitReportReporter -->
<testsuite skipped="0" hostname="DESKTOP-ADBAJG0" name="Filters" tests="3" failures="1" timestamp="29 июл 2017 11:05:18 GMT" time="81.240" errors="0">
  <testcase name="coupleFilter" time="17.648" classname="Filters"/>
  <testcase name="filterFieldsQ" time="11.178" classname="Filters"/>
  <testcase name="filterFieldsIP" time="52.414" classname="Filters">
    <failure type="java.lang.AssertionError" message="Expected condition failed: waiting for visibility of element located by By.cssSelector: #search-dropdown-bActive div (tried for 10 second(s) with 500 MILLISECONDS interval)">
      <![CDATA[java.lang.AssertionError: Expected condition failed: waiting for visibility of element located by By.cssSelector: #search-dropdown-bActive div (tried for 10 second(s) with 500 MILLISECONDS interval)
	at org.junit.Assert.fail(Assert.java:88)
	at ActionDrivers.MainDriver.fail(MainDriver.java:64)
	at ActionDrivers.MainDriver.myWait(MainDriver.java:58)
	at Filters.currentUrl(Filters.java:82)
	at Filters.filterFieldsIP(Filters.java:30)
	at sun.reflect.NativeMethodAccessorImpl.invoke0(Native Method)
	at sun.reflect.NativeMethodAccessorImpl.invoke(Unknown Source)
	at sun.reflect.DelegatingMethodAccessorImpl.invoke(Unknown Source)
	at java.lang.reflect.Method.invoke(Unknown Source)
	at org.testng.internal.MethodInvocationHelper.invokeMethod(MethodInvocationHelper.java:108)
	at org.testng.internal.Invoker.invokeMethod(Invoker.java:661)
	at org.testng.internal.Invoker.invokeTestMethod(Invoker.java:869)
	at org.testng.internal.Invoker.invokeTestMethods(Invoker.java:1193)
	at org.testng.internal.TestMethodWorker.invokeTestMethods(TestMethodWorker.java:126)
	at org.testng.internal.TestMethodWorker.run(TestMethodWorker.java:109)
	at org.testng.TestRunner.privateRun(TestRunner.java:744)
	at org.testng.TestRunner.run(TestRunner.java:602)
	at org.testng.SuiteRunner.runTest(SuiteRunner.java:380)
	at org.testng.SuiteRunner.runSequentially(SuiteRunner.java:375)
	at org.testng.SuiteRunner.privateRun(SuiteRunner.java:340)
	at org.testng.SuiteRunner.run(SuiteRunner.java:289)
	at org.testng.SuiteRunnerWorker.runSuite(SuiteRunnerWorker.java:52)
	at org.testng.SuiteRunnerWorker.run(SuiteRunnerWorker.java:86)
	at org.testng.TestNG.runSuitesSequentially(TestNG.java:1301)
	at org.testng.TestNG.runSuitesLocally(TestNG.java:1226)
	at org.testng.TestNG.runSuites(TestNG.java:1144)
	at org.testng.TestNG.run(TestNG.java:1115)
	at org.testng.TestNG.privateMain(TestNG.java:1442)
	at org.testng.TestNG.main(TestNG.java:1411)
]]>
    </failure>
  </testcase> <!-- filterFieldsIP -->
</testsuite> <!-- Filters -->
