<?xml version="1.0" encoding="UTF-8"?>
<!-- Generated by org.testng.reporters.JUnitReportReporter -->
<testsuite skipped="0" hostname="DESKTOP-ADBAJG0" name="Login" tests="1" failures="0" timestamp="29 июл 2017 11:05:18 GMT" time="3.547" errors="0">
  <testcase name="login" time="3.547" classname="Login"/>
</testsuite> <!-- Login -->
